<?xml version="1.0" encoding="UTF-8"?>
<!-- Generated by org.testng.reporters.JUnitReportReporter -->
<testsuite skipped="0" hostname="LAPTOP-QLG12OJ4" name="demodesignpatterns.HomePageTestPageFactory" tests="1" failures="0" timestamp="11 Apr 2021 17:18:26 GMT" time="17.935" errors="0">
  <testcase name="searchproduct" time="17.935" classname="demodesignpatterns.HomePageTestPageFactory"/>
</testsuite> <!-- demodesignpatterns.HomePageTestPageFactory -->
